2020-12-02 19:24:24.883  INFO 14600 --- [main] c.g.l.c.a.AdminClientApplication         : Starting AdminClientApplication on DESKTOP-PVSDVCP with PID 14600 (D:\idea2020\wj\cloud\admin-client\target\classes started by liuyun in D:\idea2020\wj\cloud)
2020-12-02 19:24:24.887  INFO 14600 --- [main] c.g.l.c.a.AdminClientApplication         : No active profile set, falling back to default profiles: default
2020-12-02 19:24:27.461  INFO 14600 --- [main] o.s.b.w.embedded.tomcat.TomcatWebServer  : Tomcat initialized with port(s): 9305 (http)
2020-12-02 19:24:27.495  INFO 14600 --- [main] o.apache.catalina.core.StandardService   : Starting service [Tomcat]
2020-12-02 19:24:27.496  INFO 14600 --- [main] org.apache.catalina.core.StandardEngine  : Starting Servlet engine: [Apache Tomcat/9.0.24]
2020-12-02 19:24:27.566  INFO 14600 --- [main] o.a.c.c.C.[Tomcat].[localhost].[/]       : Initializing Spring embedded WebApplicationContext
2020-12-02 19:24:27.566  INFO 14600 --- [main] o.s.web.context.ContextLoader            : Root WebApplicationContext: initialization completed in 2281 ms
2020-12-02 19:24:27.879  INFO 14600 --- [main] o.s.b.a.e.web.ServletEndpointRegistrar   : Registered '/actuator/jolokia' to jolokia-actuator-endpoint
2020-12-02 19:24:28.068  INFO 14600 --- [main] o.s.s.concurrent.ThreadPoolTaskExecutor  : Initializing ExecutorService 'applicationTaskExecutor'
2020-12-02 19:24:28.295  INFO 14600 --- [main] o.s.s.c.ThreadPoolTaskScheduler          : Initializing ExecutorService
2020-12-02 19:24:28.363  INFO 14600 --- [main] o.s.b.a.e.web.EndpointLinksResolver      : Exposing 17 endpoint(s) beneath base path '/actuator'
2020-12-02 19:24:28.588  INFO 14600 --- [main] o.s.b.w.embedded.tomcat.TomcatWebServer  : Tomcat started on port(s): 9305 (http) with context path ''
2020-12-02 19:24:28.592  INFO 14600 --- [main] c.g.l.c.a.AdminClientApplication         : Started AdminClientApplication in 4.76 seconds (JVM running for 6.7)
2020-12-02 19:24:29.179  INFO 14600 --- [RMI TCP Connection(1)-172.17.206.49] o.a.c.c.C.[Tomcat].[localhost].[/]       : Initializing Spring DispatcherServlet 'dispatcherServlet'
2020-12-02 19:24:29.179  INFO 14600 --- [RMI TCP Connection(1)-172.17.206.49] o.s.web.servlet.DispatcherServlet        : Initializing Servlet 'dispatcherServlet'
2020-12-02 19:24:29.189  INFO 14600 --- [RMI TCP Connection(1)-172.17.206.49] o.s.web.servlet.DispatcherServlet        : Completed initialization in 9 ms
2020-12-02 19:24:29.783  INFO 14600 --- [registrationTask1] d.c.b.a.c.r.ApplicationRegistrator       : Application registered itself as 589c2fe8e551
2020-12-02 19:30:13.854  INFO 18580 --- [main] c.g.l.c.a.AdminClientApplication         : Starting AdminClientApplication on DESKTOP-PVSDVCP with PID 18580 (D:\idea2020\wj\cloud\admin-client\target\classes started by liuyun in D:\idea2020\wj\cloud)
2020-12-02 19:30:13.858  INFO 18580 --- [main] c.g.l.c.a.AdminClientApplication         : No active profile set, falling back to default profiles: default
2020-12-02 19:30:16.550  INFO 18580 --- [main] o.s.b.w.embedded.tomcat.TomcatWebServer  : Tomcat initialized with port(s): 9305 (http)
2020-12-02 19:30:16.572  INFO 18580 --- [main] o.apache.catalina.core.StandardService   : Starting service [Tomcat]
2020-12-02 19:30:16.573  INFO 18580 --- [main] org.apache.catalina.core.StandardEngine  : Starting Servlet engine: [Apache Tomcat/9.0.24]
2020-12-02 19:30:16.654  INFO 18580 --- [main] o.a.c.c.C.[Tomcat].[localhost].[/]       : Initializing Spring embedded WebApplicationContext
2020-12-02 19:30:16.654  INFO 18580 --- [main] o.s.web.context.ContextLoader            : Root WebApplicationContext: initialization completed in 2735 ms
2020-12-02 19:30:16.931  INFO 18580 --- [main] o.s.b.a.e.web.ServletEndpointRegistrar   : Registered '/actuator/jolokia' to jolokia-actuator-endpoint
2020-12-02 19:30:17.084  INFO 18580 --- [main] o.s.s.concurrent.ThreadPoolTaskExecutor  : Initializing ExecutorService 'applicationTaskExecutor'
2020-12-02 19:30:17.283  INFO 18580 --- [main] o.s.s.c.ThreadPoolTaskScheduler          : Initializing ExecutorService
2020-12-02 19:30:17.348  INFO 18580 --- [main] o.s.b.a.e.web.EndpointLinksResolver      : Exposing 17 endpoint(s) beneath base path '/actuator'
2020-12-02 19:30:17.602  INFO 18580 --- [main] o.s.b.w.embedded.tomcat.TomcatWebServer  : Tomcat started on port(s): 9305 (http) with context path ''
2020-12-02 19:30:17.606  INFO 18580 --- [main] c.g.l.c.a.AdminClientApplication         : Started AdminClientApplication in 4.33 seconds (JVM running for 5.836)
2020-12-02 19:30:17.992  INFO 18580 --- [registrationTask1] d.c.b.a.c.r.ApplicationRegistrator       : Application registered itself as 589c2fe8e551
2020-12-02 19:30:18.147  INFO 18580 --- [http-nio-9305-exec-1] o.a.c.c.C.[Tomcat].[localhost].[/]       : Initializing Spring DispatcherServlet 'dispatcherServlet'
2020-12-02 19:30:18.148  INFO 18580 --- [http-nio-9305-exec-1] o.s.web.servlet.DispatcherServlet        : Initializing Servlet 'dispatcherServlet'
2020-12-02 19:30:18.162  INFO 18580 --- [http-nio-9305-exec-1] o.s.web.servlet.DispatcherServlet        : Completed initialization in 14 ms
2020-12-02 19:33:43.573  INFO 18580 --- [http-nio-9305-exec-3] o.a.c.c.C.[Tomcat].[localhost].[/]       : jolokia-actuator-endpoint: No access restrictor found, access to any MBean is allowed
2020-12-02 19:47:01.688  INFO 11816 --- [main] c.g.l.c.a.AdminClientApplication         : The following profiles are active: eureka
2020-12-02 19:47:02.546  WARN 11816 --- [main] o.s.boot.actuate.endpoint.EndpointId     : Endpoint ID 'service-registry' contains invalid characters, please migrate to a valid format.
2020-12-02 19:47:02.785  INFO 11816 --- [main] o.s.cloud.context.scope.GenericScope     : BeanFactory id=a67b4d7a-355c-3d88-91aa-d8fddb24dcd8
2020-12-02 19:47:02.917  INFO 11816 --- [main] trationDelegate$BeanPostProcessorChecker : Bean 'org.springframework.cloud.autoconfigure.ConfigurationPropertiesRebinderAutoConfiguration' of type [org.springframework.cloud.autoconfigure.ConfigurationPropertiesRebinderAutoConfiguration$$EnhancerBySpringCGLIB$$90165522] is not eligible for getting processed by all BeanPostProcessors (for example: not eligible for auto-proxying)
2020-12-02 19:47:03.173  INFO 11816 --- [main] o.s.b.w.embedded.tomcat.TomcatWebServer  : Tomcat initialized with port(s): 9305 (http)
2020-12-02 19:47:03.209  INFO 11816 --- [main] o.apache.catalina.core.StandardService   : Starting service [Tomcat]
2020-12-02 19:47:03.210  INFO 11816 --- [main] org.apache.catalina.core.StandardEngine  : Starting Servlet engine: [Apache Tomcat/9.0.24]
2020-12-02 19:47:03.373  INFO 11816 --- [main] o.a.c.c.C.[Tomcat].[localhost].[/]       : Initializing Spring embedded WebApplicationContext
2020-12-02 19:47:03.373  INFO 11816 --- [main] o.s.web.context.ContextLoader            : Root WebApplicationContext: initialization completed in 1673 ms
2020-12-02 19:47:03.462  WARN 11816 --- [main] c.n.c.sources.URLConfigurationSource     : No URLs will be polled as dynamic configuration sources.
2020-12-02 19:47:03.463  INFO 11816 --- [main] c.n.c.sources.URLConfigurationSource     : To enable URLs as dynamic configuration sources, define System property archaius.configurationSource.additionalUrls or make config.properties available on classpath.
2020-12-02 19:47:03.472  INFO 11816 --- [main] c.netflix.config.DynamicPropertyFactory  : DynamicPropertyFactory is initialized with configuration sources: com.netflix.config.ConcurrentCompositeConfiguration@67b100fe
2020-12-02 19:47:05.169  INFO 11816 --- [main] o.s.cloud.commons.util.InetUtils         : Cannot determine local hostname
2020-12-02 19:47:05.395  INFO 11816 --- [main] o.s.b.a.e.web.ServletEndpointRegistrar   : Registered '/actuator/jolokia' to jolokia-actuator-endpoint
2020-12-02 19:47:05.574  WARN 11816 --- [main] c.n.c.sources.URLConfigurationSource     : No URLs will be polled as dynamic configuration sources.
2020-12-02 19:47:05.575  INFO 11816 --- [main] c.n.c.sources.URLConfigurationSource     : To enable URLs as dynamic configuration sources, define System property archaius.configurationSource.additionalUrls or make config.properties available on classpath.
2020-12-02 19:47:05.733  INFO 11816 --- [main] o.s.s.concurrent.ThreadPoolTaskExecutor  : Initializing ExecutorService 'applicationTaskExecutor'
2020-12-02 19:47:06.107  INFO 11816 --- [main] o.s.s.c.ThreadPoolTaskScheduler          : Initializing ExecutorService
2020-12-02 19:47:07.794  INFO 11816 --- [main] o.s.cloud.commons.util.InetUtils         : Cannot determine local hostname
2020-12-02 19:47:07.905  INFO 11816 --- [main] o.s.b.a.e.web.EndpointLinksResolver      : Exposing 21 endpoint(s) beneath base path '/actuator'
2020-12-02 19:47:07.984  INFO 11816 --- [main] o.s.c.n.eureka.InstanceInfoFactory       : Setting initial instance status as: STARTING
2020-12-02 19:47:08.022  INFO 11816 --- [main] com.netflix.discovery.DiscoveryClient    : Initializing Eureka in region us-east-1
2020-12-02 19:47:08.072  INFO 11816 --- [main] c.n.d.provider.DiscoveryJerseyProvider   : Using JSON encoding codec LegacyJacksonJson
2020-12-02 19:47:08.072  INFO 11816 --- [main] c.n.d.provider.DiscoveryJerseyProvider   : Using JSON decoding codec LegacyJacksonJson
2020-12-02 19:47:08.183  INFO 11816 --- [main] c.n.d.provider.DiscoveryJerseyProvider   : Using XML encoding codec XStreamXml
2020-12-02 19:47:08.183  INFO 11816 --- [main] c.n.d.provider.DiscoveryJerseyProvider   : Using XML decoding codec XStreamXml
2020-12-02 19:47:08.366  INFO 11816 --- [main] c.n.d.s.r.aws.ConfigClusterResolver      : Resolving eureka endpoints via configuration
2020-12-02 19:47:08.664  INFO 11816 --- [main] com.netflix.discovery.DiscoveryClient    : Disable delta property : false
2020-12-02 19:47:08.664  INFO 11816 --- [main] com.netflix.discovery.DiscoveryClient    : Single vip registry refresh property : null
2020-12-02 19:47:08.664  INFO 11816 --- [main] com.netflix.discovery.DiscoveryClient    : Force full registry fetch : false
2020-12-02 19:47:08.664  INFO 11816 --- [main] com.netflix.discovery.DiscoveryClient    : Application is null : false
2020-12-02 19:47:08.664  INFO 11816 --- [main] com.netflix.discovery.DiscoveryClient    : Registered Applications size is zero : true
2020-12-02 19:47:08.665  INFO 11816 --- [main] com.netflix.discovery.DiscoveryClient    : Application version is -1: true
2020-12-02 19:47:08.665  INFO 11816 --- [main] com.netflix.discovery.DiscoveryClient    : Getting all instance registry info from the eureka server
2020-12-02 19:47:08.747  INFO 11816 --- [main] com.netflix.discovery.DiscoveryClient    : The response status is 200
2020-12-02 19:47:08.749  INFO 11816 --- [main] com.netflix.discovery.DiscoveryClient    : Starting heartbeat executor: renew interval is: 30
2020-12-02 19:47:08.770  INFO 11816 --- [main] c.n.discovery.InstanceInfoReplicator     : InstanceInfoReplicator onDemand update allowed rate per min is 4
2020-12-02 19:47:08.774  INFO 11816 --- [main] com.netflix.discovery.DiscoveryClient    : Discovery Client initialized at timestamp 1606909628773 with initial instances count: 0
2020-12-02 19:47:08.775  INFO 11816 --- [main] o.s.c.n.e.s.EurekaServiceRegistry        : Registering application ADMIN-CLIENT with eureka with status UP
2020-12-02 19:47:08.775  INFO 11816 --- [main] com.netflix.discovery.DiscoveryClient    : Saw local status change event StatusChangeEvent [timestamp=1606909628775, current=UP, previous=STARTING]
2020-12-02 19:47:08.778  INFO 11816 --- [DiscoveryClient-InstanceInfoReplicator-0] com.netflix.discovery.DiscoveryClient    : DiscoveryClient_ADMIN-CLIENT/localhost:admin-client:9305: registering service...
2020-12-02 19:47:08.820  INFO 11816 --- [main] o.s.b.w.embedded.tomcat.TomcatWebServer  : Tomcat started on port(s): 9305 (http) with context path ''
2020-12-02 19:47:08.822  INFO 11816 --- [main] .s.c.n.e.s.EurekaAutoServiceRegistration : Updating port to 9305
2020-12-02 19:47:08.844  INFO 11816 --- [DiscoveryClient-InstanceInfoReplicator-0] com.netflix.discovery.DiscoveryClient    : DiscoveryClient_ADMIN-CLIENT/localhost:admin-client:9305 - registration status: 204
2020-12-02 19:47:10.415  INFO 11816 --- [main] o.s.cloud.commons.util.InetUtils         : Cannot determine local hostname
2020-12-02 19:47:10.420  INFO 11816 --- [main] c.g.l.c.a.AdminClientApplication         : Started AdminClientApplication in 14.24 seconds (JVM running for 15.85)
2020-12-02 19:47:10.672  INFO 11816 --- [registrationTask1] d.c.b.a.c.r.ApplicationRegistrator       : Application registered itself as 589c2fe8e551
2020-12-02 19:47:10.726  INFO 11816 --- [http-nio-9305-exec-1] o.a.c.c.C.[Tomcat].[localhost].[/]       : Initializing Spring DispatcherServlet 'dispatcherServlet'
2020-12-02 19:47:10.726  INFO 11816 --- [http-nio-9305-exec-1] o.s.web.servlet.DispatcherServlet        : Initializing Servlet 'dispatcherServlet'
2020-12-02 19:47:10.735  INFO 11816 --- [http-nio-9305-exec-1] o.s.web.servlet.DispatcherServlet        : Completed initialization in 9 ms
2020-12-02 19:47:38.768  INFO 11816 --- [DiscoveryClient-CacheRefreshExecutor-0] com.netflix.discovery.DiscoveryClient    : Disable delta property : false
2020-12-02 19:47:38.769  INFO 11816 --- [DiscoveryClient-CacheRefreshExecutor-0] com.netflix.discovery.DiscoveryClient    : Single vip registry refresh property : null
2020-12-02 19:47:38.771  INFO 11816 --- [DiscoveryClient-CacheRefreshExecutor-0] com.netflix.discovery.DiscoveryClient    : Force full registry fetch : false
2020-12-02 19:47:38.772  INFO 11816 --- [DiscoveryClient-CacheRefreshExecutor-0] com.netflix.discovery.DiscoveryClient    : Application is null : false
2020-12-02 19:47:38.774  INFO 11816 --- [DiscoveryClient-CacheRefreshExecutor-0] com.netflix.discovery.DiscoveryClient    : Registered Applications size is zero : true
2020-12-02 19:47:38.774  INFO 11816 --- [DiscoveryClient-CacheRefreshExecutor-0] com.netflix.discovery.DiscoveryClient    : Application version is -1: false
2020-12-02 19:47:38.775  INFO 11816 --- [DiscoveryClient-CacheRefreshExecutor-0] com.netflix.discovery.DiscoveryClient    : Getting all instance registry info from the eureka server
2020-12-02 19:47:38.838  INFO 11816 --- [DiscoveryClient-CacheRefreshExecutor-0] com.netflix.discovery.DiscoveryClient    : The response status is 200
2020-12-02 20:31:54.973  INFO 8504 --- [main] c.g.l.c.a.AdminClientApplication         : The following profiles are active: eureka
2020-12-02 20:31:55.744  WARN 8504 --- [main] o.s.boot.actuate.endpoint.EndpointId     : Endpoint ID 'service-registry' contains invalid characters, please migrate to a valid format.
2020-12-02 20:31:55.897  INFO 8504 --- [main] o.s.cloud.context.scope.GenericScope     : BeanFactory id=a67b4d7a-355c-3d88-91aa-d8fddb24dcd8
2020-12-02 20:31:55.976  INFO 8504 --- [main] trationDelegate$BeanPostProcessorChecker : Bean 'org.springframework.cloud.autoconfigure.ConfigurationPropertiesRebinderAutoConfiguration' of type [org.springframework.cloud.autoconfigure.ConfigurationPropertiesRebinderAutoConfiguration$$EnhancerBySpringCGLIB$$21f849e] is not eligible for getting processed by all BeanPostProcessors (for example: not eligible for auto-proxying)
2020-12-02 20:31:56.224  INFO 8504 --- [main] o.s.b.w.embedded.tomcat.TomcatWebServer  : Tomcat initialized with port(s): 9305 (http)
2020-12-02 20:31:56.257  INFO 8504 --- [main] o.apache.catalina.core.StandardService   : Starting service [Tomcat]
2020-12-02 20:31:56.257  INFO 8504 --- [main] org.apache.catalina.core.StandardEngine  : Starting Servlet engine: [Apache Tomcat/9.0.24]
2020-12-02 20:31:56.439  INFO 8504 --- [main] o.a.c.c.C.[Tomcat].[localhost].[/]       : Initializing Spring embedded WebApplicationContext
2020-12-02 20:31:56.440  INFO 8504 --- [main] o.s.web.context.ContextLoader            : Root WebApplicationContext: initialization completed in 1448 ms
2020-12-02 20:31:56.528  WARN 8504 --- [main] c.n.c.sources.URLConfigurationSource     : No URLs will be polled as dynamic configuration sources.
2020-12-02 20:31:56.529  INFO 8504 --- [main] c.n.c.sources.URLConfigurationSource     : To enable URLs as dynamic configuration sources, define System property archaius.configurationSource.additionalUrls or make config.properties available on classpath.
2020-12-02 20:31:56.539  INFO 8504 --- [main] c.netflix.config.DynamicPropertyFactory  : DynamicPropertyFactory is initialized with configuration sources: com.netflix.config.ConcurrentCompositeConfiguration@7979b8b7
2020-12-02 20:31:58.256  INFO 8504 --- [main] o.s.cloud.commons.util.InetUtils         : Cannot determine local hostname
2020-12-02 20:31:58.550  INFO 8504 --- [main] o.s.b.a.e.web.ServletEndpointRegistrar   : Registered '/actuator/jolokia' to jolokia-actuator-endpoint
2020-12-02 20:31:58.607  WARN 8504 --- [main] c.n.c.sources.URLConfigurationSource     : No URLs will be polled as dynamic configuration sources.
2020-12-02 20:31:58.607  INFO 8504 --- [main] c.n.c.sources.URLConfigurationSource     : To enable URLs as dynamic configuration sources, define System property archaius.configurationSource.additionalUrls or make config.properties available on classpath.
2020-12-02 20:31:58.875  INFO 8504 --- [main] o.s.s.concurrent.ThreadPoolTaskExecutor  : Initializing ExecutorService 'applicationTaskExecutor'
2020-12-02 20:31:59.350  INFO 8504 --- [main] o.s.s.c.ThreadPoolTaskScheduler          : Initializing ExecutorService
2020-12-02 20:32:01.012  INFO 8504 --- [main] o.s.cloud.commons.util.InetUtils         : Cannot determine local hostname
2020-12-02 20:32:01.114  INFO 8504 --- [main] o.s.b.a.e.web.EndpointLinksResolver      : Exposing 21 endpoint(s) beneath base path '/actuator'
2020-12-02 20:32:01.224  INFO 8504 --- [main] o.s.c.n.eureka.InstanceInfoFactory       : Setting initial instance status as: STARTING
2020-12-02 20:32:01.280  INFO 8504 --- [main] com.netflix.discovery.DiscoveryClient    : Initializing Eureka in region us-east-1
2020-12-02 20:32:01.330  INFO 8504 --- [main] c.n.d.provider.DiscoveryJerseyProvider   : Using JSON encoding codec LegacyJacksonJson
2020-12-02 20:32:01.330  INFO 8504 --- [main] c.n.d.provider.DiscoveryJerseyProvider   : Using JSON decoding codec LegacyJacksonJson
2020-12-02 20:32:01.470  INFO 8504 --- [main] c.n.d.provider.DiscoveryJerseyProvider   : Using XML encoding codec XStreamXml
2020-12-02 20:32:01.470  INFO 8504 --- [main] c.n.d.provider.DiscoveryJerseyProvider   : Using XML decoding codec XStreamXml
2020-12-02 20:32:01.643  INFO 8504 --- [main] c.n.d.s.r.aws.ConfigClusterResolver      : Resolving eureka endpoints via configuration
2020-12-02 20:32:01.945  INFO 8504 --- [main] com.netflix.discovery.DiscoveryClient    : Disable delta property : false
2020-12-02 20:32:01.945  INFO 8504 --- [main] com.netflix.discovery.DiscoveryClient    : Single vip registry refresh property : null
2020-12-02 20:32:01.945  INFO 8504 --- [main] com.netflix.discovery.DiscoveryClient    : Force full registry fetch : false
2020-12-02 20:32:01.945  INFO 8504 --- [main] com.netflix.discovery.DiscoveryClient    : Application is null : false
2020-12-02 20:32:01.945  INFO 8504 --- [main] com.netflix.discovery.DiscoveryClient    : Registered Applications size is zero : true
2020-12-02 20:32:01.945  INFO 8504 --- [main] com.netflix.discovery.DiscoveryClient    : Application version is -1: true
2020-12-02 20:32:01.945  INFO 8504 --- [main] com.netflix.discovery.DiscoveryClient    : Getting all instance registry info from the eureka server
2020-12-02 20:32:02.103  INFO 8504 --- [main] com.netflix.discovery.DiscoveryClient    : The response status is 200
2020-12-02 20:32:02.106  INFO 8504 --- [main] com.netflix.discovery.DiscoveryClient    : Starting heartbeat executor: renew interval is: 30
2020-12-02 20:32:02.109  INFO 8504 --- [main] c.n.discovery.InstanceInfoReplicator     : InstanceInfoReplicator onDemand update allowed rate per min is 4
2020-12-02 20:32:02.114  INFO 8504 --- [main] com.netflix.discovery.DiscoveryClient    : Discovery Client initialized at timestamp 1606912322111 with initial instances count: 1
2020-12-02 20:32:02.115  INFO 8504 --- [main] o.s.c.n.e.s.EurekaServiceRegistry        : Registering application ADMIN-CLIENT with eureka with status UP
2020-12-02 20:32:02.115  INFO 8504 --- [main] com.netflix.discovery.DiscoveryClient    : Saw local status change event StatusChangeEvent [timestamp=1606912322115, current=UP, previous=STARTING]
2020-12-02 20:32:02.117  INFO 8504 --- [DiscoveryClient-InstanceInfoReplicator-0] com.netflix.discovery.DiscoveryClient    : DiscoveryClient_ADMIN-CLIENT/localhost:admin-client:9305: registering service...
2020-12-02 20:32:02.168  INFO 8504 --- [DiscoveryClient-InstanceInfoReplicator-0] com.netflix.discovery.DiscoveryClient    : DiscoveryClient_ADMIN-CLIENT/localhost:admin-client:9305 - registration status: 204
2020-12-02 20:32:02.194  INFO 8504 --- [main] o.s.b.w.embedded.tomcat.TomcatWebServer  : Tomcat started on port(s): 9305 (http) with context path ''
2020-12-02 20:32:02.195  INFO 8504 --- [main] .s.c.n.e.s.EurekaAutoServiceRegistration : Updating port to 9305
2020-12-02 20:32:03.785  INFO 8504 --- [main] o.s.cloud.commons.util.InetUtils         : Cannot determine local hostname
2020-12-02 20:32:03.789  INFO 8504 --- [main] c.g.l.c.a.AdminClientApplication         : Started AdminClientApplication in 14.141 seconds (JVM running for 16.231)
2020-12-02 20:32:03.962  WARN 8504 --- [registrationTask1] d.c.b.a.c.r.ApplicationRegistrator       : Failed to register application as Application(name=admin-client, managementUrl=http://DESKTOP-PVSDVCP.mshome.net:9305/actuator, healthUrl=http://DESKTOP-PVSDVCP.mshome.net:9305/actuator/health, serviceUrl=http://DESKTOP-PVSDVCP.mshome.net:9305/) at spring-boot-admin ([http://localhost:9301/instances]): 401 Unauthorized. Further attempts are logged on DEBUG level
2020-12-02 20:32:04.754  INFO 8504 --- [RMI TCP Connection(2)-172.17.206.49] o.a.c.c.C.[Tomcat].[localhost].[/]       : Initializing Spring DispatcherServlet 'dispatcherServlet'
2020-12-02 20:32:04.755  INFO 8504 --- [RMI TCP Connection(2)-172.17.206.49] o.s.web.servlet.DispatcherServlet        : Initializing Servlet 'dispatcherServlet'
2020-12-02 20:32:04.766  INFO 8504 --- [RMI TCP Connection(2)-172.17.206.49] o.s.web.servlet.DispatcherServlet        : Completed initialization in 11 ms
2020-12-02 20:37:01.949  INFO 8504 --- [AsyncResolver-bootstrap-executor-0] c.n.d.s.r.aws.ConfigClusterResolver      : Resolving eureka endpoints via configuration
2020-12-02 20:42:01.953  INFO 8504 --- [AsyncResolver-bootstrap-executor-0] c.n.d.s.r.aws.ConfigClusterResolver      : Resolving eureka endpoints via configuration
2020-12-02 20:47:01.956  INFO 8504 --- [AsyncResolver-bootstrap-executor-0] c.n.d.s.r.aws.ConfigClusterResolver      : Resolving eureka endpoints via configuration
2020-12-02 20:52:01.960  INFO 8504 --- [AsyncResolver-bootstrap-executor-0] c.n.d.s.r.aws.ConfigClusterResolver      : Resolving eureka endpoints via configuration
2020-12-02 20:57:01.962  INFO 8504 --- [AsyncResolver-bootstrap-executor-0] c.n.d.s.r.aws.ConfigClusterResolver      : Resolving eureka endpoints via configuration
2020-12-02 21:02:01.964  INFO 8504 --- [AsyncResolver-bootstrap-executor-0] c.n.d.s.r.aws.ConfigClusterResolver      : Resolving eureka endpoints via configuration
2020-12-02 21:07:01.968  INFO 8504 --- [AsyncResolver-bootstrap-executor-0] c.n.d.s.r.aws.ConfigClusterResolver      : Resolving eureka endpoints via configuration
2020-12-02 21:12:01.969  INFO 8504 --- [AsyncResolver-bootstrap-executor-0] c.n.d.s.r.aws.ConfigClusterResolver      : Resolving eureka endpoints via configuration
2020-12-02 21:17:01.971  INFO 8504 --- [AsyncResolver-bootstrap-executor-0] c.n.d.s.r.aws.ConfigClusterResolver      : Resolving eureka endpoints via configuration
2020-12-02 21:22:01.977  INFO 8504 --- [AsyncResolver-bootstrap-executor-0] c.n.d.s.r.aws.ConfigClusterResolver      : Resolving eureka endpoints via configuration
2020-12-02 21:27:01.979  INFO 8504 --- [AsyncResolver-bootstrap-executor-0] c.n.d.s.r.aws.ConfigClusterResolver      : Resolving eureka endpoints via configuration
2020-12-02 21:32:01.985  INFO 8504 --- [AsyncResolver-bootstrap-executor-0] c.n.d.s.r.aws.ConfigClusterResolver      : Resolving eureka endpoints via configuration
2020-12-02 21:37:01.986  INFO 8504 --- [AsyncResolver-bootstrap-executor-0] c.n.d.s.r.aws.ConfigClusterResolver      : Resolving eureka endpoints via configuration
2020-12-02 21:42:01.989  INFO 8504 --- [AsyncResolver-bootstrap-executor-0] c.n.d.s.r.aws.ConfigClusterResolver      : Resolving eureka endpoints via configuration
2020-12-02 21:47:01.993  INFO 8504 --- [AsyncResolver-bootstrap-executor-0] c.n.d.s.r.aws.ConfigClusterResolver      : Resolving eureka endpoints via configuration
2020-12-02 21:52:01.995  INFO 8504 --- [AsyncResolver-bootstrap-executor-0] c.n.d.s.r.aws.ConfigClusterResolver      : Resolving eureka endpoints via configuration
2020-12-02 21:57:02.000  INFO 8504 --- [AsyncResolver-bootstrap-executor-0] c.n.d.s.r.aws.ConfigClusterResolver      : Resolving eureka endpoints via configuration
